  2DScene.cpp
  3DScene.cpp
  Butten.cpp
Butten.cpp(135): warning C4244: '引数': 'float' から 'int' への変換です。データが失われる可能性があります。
Butten.cpp(176): warning C4244: '引数': 'float' から 'int' への変換です。データが失われる可能性があります。
Butten.cpp(180): warning C4244: '引数': 'float' から 'int' への変換です。データが失われる可能性があります。
Butten.cpp(183): warning C4244: '引数': 'float' から 'int' への変換です。データが失われる可能性があります。
Butten.cpp(186): warning C4244: '引数': 'float' から 'int' への変換です。データが失われる可能性があります。
Butten.cpp(195): warning C4244: '引数': 'float' から 'int' への変換です。データが失われる可能性があります。
Butten.cpp(198): warning C4244: '引数': 'float' から 'int' への変換です。データが失われる可能性があります。
Butten.cpp(201): warning C4244: '引数': 'float' から 'int' への変換です。データが失われる可能性があります。
Butten.cpp(204): warning C4244: '引数': 'float' から 'int' への変換です。データが失われる可能性があります。
Butten.cpp(243): warning C4244: '引数': 'float' から 'int' への変換です。データが失われる可能性があります。
Butten.cpp(247): warning C4244: '引数': 'float' から 'int' への変換です。データが失われる可能性があります。
Butten.cpp(250): warning C4244: '引数': 'float' から 'int' への変換です。データが失われる可能性があります。
Butten.cpp(253): warning C4244: '引数': 'float' から 'int' への変換です。データが失われる可能性があります。
Butten.cpp(256): warning C4244: '引数': 'float' から 'int' への変換です。データが失われる可能性があります。
Butten.cpp(268): warning C4244: '引数': 'float' から 'int' への変換です。データが失われる可能性があります。
Butten.cpp(271): warning C4244: '引数': 'float' から 'int' への変換です。データが失われる可能性があります。
Butten.cpp(277): warning C4244: '引数': 'float' から 'int' への変換です。データが失われる可能性があります。
Butten.cpp(283): warning C4244: '引数': 'float' から 'int' への変換です。データが失われる可能性があります。
Butten.cpp(292): warning C4244: '引数': 'float' から 'int' への変換です。データが失われる可能性があります。
Butten.cpp(295): warning C4244: '引数': 'float' から 'int' への変換です。データが失われる可能性があります。
Butten.cpp(298): warning C4244: '引数': 'float' から 'int' への変換です。データが失われる可能性があります。
  FieldEffect.cpp
FieldEffect.cpp(152): warning C4244: '初期化中': 'int' から 'float' への変換です。データが失われる可能性があります。
FieldEffect.cpp(173): warning C4244: '引数': 'double' から 'FLOAT' への変換です。データが失われる可能性があります。
FieldEffect.cpp(183): warning C4244: '引数': 'float' から 'int' への変換です。データが失われる可能性があります。
FieldEffect.cpp(256): warning C4244: '引数': 'float' から 'int' への変換です。データが失われる可能性があります。
  IntermediateSave.cpp
  LoadEffect.cpp
LoadEffect.cpp(384): warning C4800: 'int': ブール値を 'true' または 'false' に強制的に設定します (警告の処理)
LoadEffect.cpp(397): warning C4800: 'int': ブール値を 'true' または 'false' に強制的に設定します (警告の処理)
LoadEffect.cpp(399): warning C4800: 'int': ブール値を 'true' または 'false' に強制的に設定します (警告の処理)
  MeshEffect.cpp
  MouseTracking.cpp
  Movement.cpp
  PresetSetEffect.cpp
PresetSetEffect.cpp(469): warning C4244: '引数': 'int' から 'float' への変換です。データが失われる可能性があります。
PresetSetEffect.cpp(469): warning C4244: '引数': 'double' から 'float' への変換です。データが失われる可能性があります。
  Rotate.cpp
  SetEffect3d.cpp
SetEffect3d.cpp(136): warning C4244: '引数': 'double' から 'float' への変換です。データが失われる可能性があります。
  SetMesh.cpp
  Trajectory.cpp
  billeffect.cpp
  camera.cpp
  control.cpp
  effect.cpp
  fade.cpp
  field.cpp
  コンパイル中...
  input.cpp
  keyboard.cpp
  light.cpp
  load.cpp
  main.cpp
  manager.cpp
  model.cpp
  mouse.cpp
  object.cpp
  plane.cpp
  player.cpp
  renderer.cpp
  scene.cpp
  scene2d.cpp
  scene3d.cpp
  seteffect.cpp
  straight3d.cpp
straight3d.cpp(88): warning C4553: '==': 演算子にプログラム上の作用がありません。'=' を意図しましたか?
  コード生成しています。
  0 of 479 functions ( 0.0%) were compiled, the rest were copied from previous compilation.
    0 functions were new in current compilation
    0 functions had inline decision re-evaluated but remain unchanged
  コード生成が終了しました。
  Effect_Tool.vcxproj -> C:\Users\student\Desktop\git\Syukatu\吉田学園情報ビジネス専門学校_佐藤秀亮\エフェクトツール\作品フォルダ\Effect_Tool\Release\Effect_Tool.exe
  Effect_Tool.vcxproj -> C:\Users\student\Desktop\git\Syukatu\吉田学園情報ビジネス専門学校_佐藤秀亮\エフェクトツール\作品フォルダ\Effect_Tool\Release\Effect_Tool.pdb (Full PDB)
