c:\users\student\desktop\プログラム\3dpolygon 11_4 3dside\3dpolygon\debug\vc140.pdb
c:\users\student\desktop\プログラム\3dpolygon 11_4 3dside\3dpolygon\debug\vc140.idb
c:\users\student\desktop\プログラム\3dpolygon 11_4 3dside\3dpolygon\debug\player.obj
c:\users\student\desktop\プログラム\3dpolygon 11_4 3dside\3dpolygon\debug\ranking.obj
c:\users\student\desktop\プログラム\3dpolygon 11_4 3dside\3dpolygon\debug\renderer.obj
c:\users\student\desktop\プログラム\3dpolygon 11_4 3dside\3dpolygon\debug\result.obj
c:\users\student\desktop\プログラム\3dpolygon 11_4 3dside\3dpolygon\debug\scene.obj
c:\users\student\desktop\プログラム\3dpolygon 11_4 3dside\3dpolygon\debug\scene2d.obj
c:\users\student\desktop\プログラム\3dpolygon 11_4 3dside\3dpolygon\debug\scene3d.obj
c:\users\student\desktop\プログラム\3dpolygon 11_4 3dside\3dpolygon\debug\score.obj
c:\users\student\desktop\プログラム\3dpolygon 11_4 3dside\3dpolygon\debug\select_ui.obj
c:\users\student\desktop\プログラム\3dpolygon 11_4 3dside\3dpolygon\debug\shadow.obj
c:\users\student\desktop\プログラム\3dpolygon 11_4 3dside\3dpolygon\debug\sky.obj
c:\users\student\desktop\プログラム\3dpolygon 11_4 3dside\3dpolygon\debug\slack.obj
c:\users\student\desktop\プログラム\3dpolygon 11_4 3dside\3dpolygon\debug\sound.obj
c:\users\student\desktop\プログラム\3dpolygon 11_4 3dside\3dpolygon\debug\straight3d.obj
c:\users\student\desktop\プログラム\3dpolygon 11_4 3dside\3dpolygon\debug\title.obj
c:\users\student\desktop\プログラム\3dpolygon 11_4 3dside\3dpolygon\debug\trampoline.obj
c:\users\student\desktop\プログラム\3dpolygon 11_4 3dside\3dpolygon\debug\tutorial.obj
c:\users\student\desktop\プログラム\3dpolygon 11_4 3dside\3dpolygon\debug\ui.obj
c:\users\student\desktop\プログラム\3dpolygon 11_4 3dside\3dpolygon\debug\veceffect3d.obj
c:\users\student\desktop\プログラム\3dpolygon 11_4 3dside\3dpolygon\debug\wall.obj
c:\users\student\desktop\プログラム\3dpolygon 11_4 3dside\3dpolygon\debug\effect.obj
c:\users\student\desktop\プログラム\3dpolygon 11_4 3dside\3dpolygon\debug\effect_ui.obj
c:\users\student\desktop\プログラム\3dpolygon 11_4 3dside\3dpolygon\debug\endeffect.obj
c:\users\student\desktop\プログラム\3dpolygon 11_4 3dside\3dpolygon\debug\fade.obj
c:\users\student\desktop\プログラム\3dpolygon 11_4 3dside\3dpolygon\debug\falleffect.obj
c:\users\student\desktop\プログラム\3dpolygon 11_4 3dside\3dpolygon\debug\field.obj
c:\users\student\desktop\プログラム\3dpolygon 11_4 3dside\3dpolygon\debug\game.obj
c:\users\student\desktop\プログラム\3dpolygon 11_4 3dside\3dpolygon\debug\gameover.obj
c:\users\student\desktop\プログラム\3dpolygon 11_4 3dside\3dpolygon\debug\gamepad.obj
c:\users\student\desktop\プログラム\3dpolygon 11_4 3dside\3dpolygon\debug\goal.obj
c:\users\student\desktop\プログラム\3dpolygon 11_4 3dside\3dpolygon\debug\input.obj
c:\users\student\desktop\プログラム\3dpolygon 11_4 3dside\3dpolygon\debug\keyboard.obj
c:\users\student\desktop\プログラム\3dpolygon 11_4 3dside\3dpolygon\debug\light.obj
c:\users\student\desktop\プログラム\3dpolygon 11_4 3dside\3dpolygon\debug\load.obj
c:\users\student\desktop\プログラム\3dpolygon 11_4 3dside\3dpolygon\debug\main.obj
c:\users\student\desktop\プログラム\3dpolygon 11_4 3dside\3dpolygon\debug\manager.obj
c:\users\student\desktop\プログラム\3dpolygon 11_4 3dside\3dpolygon\debug\model.obj
c:\users\student\desktop\プログラム\3dpolygon 11_4 3dside\3dpolygon\debug\mouse.obj
c:\users\student\desktop\プログラム\3dpolygon 11_4 3dside\3dpolygon\debug\object.obj
c:\users\student\desktop\プログラム\3dpolygon 11_4 3dside\3dpolygon\debug\plane.obj
c:\users\student\desktop\プログラム\3dpolygon 11_4 3dside\3dpolygon\debug\bg.obj
c:\users\student\desktop\プログラム\3dpolygon 11_4 3dside\3dpolygon\debug\billboard.obj
c:\users\student\desktop\プログラム\3dpolygon 11_4 3dside\3dpolygon\debug\billeffect.obj
c:\users\student\desktop\プログラム\3dpolygon 11_4 3dside\3dpolygon\debug\camera.obj
c:\users\student\desktop\プログラム\3dpolygon 11_4 3dside\3dpolygon\debug\camerapanel.obj
c:\users\student\desktop\プログラム\3dpolygon 11_4 3dside\3dpolygon\debug\change_ui.obj
c:\users\student\desktop\プログラム\3dpolygon 11_4 3dside\3dpolygon\debug\checkpoint.obj
c:\users\student\desktop\プログラム\3dpolygon 11_4 3dside\3dpolygon\debug\3dpolygon.ilk
c:\users\student\desktop\プログラム\3dpolygon 11_4 3dside\3dpolygon\debug\3dpolygon.exe
c:\users\student\desktop\プログラム\3dpolygon 11_4 3dside\3dpolygon\debug\3dpolygon.pdb
c:\users\student\desktop\プログラム\3dpolygon 11_4 3dside\3dpolygon\debug\3dpolygon.tlog\cl.command.1.tlog
c:\users\student\desktop\プログラム\3dpolygon 11_4 3dside\3dpolygon\debug\3dpolygon.tlog\cl.read.1.tlog
c:\users\student\desktop\プログラム\3dpolygon 11_4 3dside\3dpolygon\debug\3dpolygon.tlog\cl.write.1.tlog
c:\users\student\desktop\プログラム\3dpolygon 11_4 3dside\3dpolygon\debug\3dpolygon.tlog\link.command.1.tlog
c:\users\student\desktop\プログラム\3dpolygon 11_4 3dside\3dpolygon\debug\3dpolygon.tlog\link.read.1.tlog
c:\users\student\desktop\プログラム\3dpolygon 11_4 3dside\3dpolygon\debug\3dpolygon.tlog\link.write.1.tlog
