c:\users\student\desktop\プログラム\ツール\effect_tool\effect_tool\debug\vc140.pdb
c:\users\student\desktop\プログラム\ツール\effect_tool\effect_tool\debug\vc140.idb
c:\users\student\desktop\プログラム\ツール\effect_tool\effect_tool\debug\main.obj
c:\users\student\desktop\プログラム\ツール\effect_tool\effect_tool\debug\manager.obj
c:\users\student\desktop\プログラム\ツール\effect_tool\effect_tool\debug\mesheffect.obj
c:\users\student\desktop\プログラム\ツール\effect_tool\effect_tool\debug\model.obj
c:\users\student\desktop\プログラム\ツール\effect_tool\effect_tool\debug\mouse.obj
c:\users\student\desktop\プログラム\ツール\effect_tool\effect_tool\debug\movement.obj
c:\users\student\desktop\プログラム\ツール\effect_tool\effect_tool\debug\object.obj
c:\users\student\desktop\プログラム\ツール\effect_tool\effect_tool\debug\plane.obj
c:\users\student\desktop\プログラム\ツール\effect_tool\effect_tool\debug\player.obj
c:\users\student\desktop\プログラム\ツール\effect_tool\effect_tool\debug\renderer.obj
c:\users\student\desktop\プログラム\ツール\effect_tool\effect_tool\debug\scene.obj
c:\users\student\desktop\プログラム\ツール\effect_tool\effect_tool\debug\scene2d.obj
c:\users\student\desktop\プログラム\ツール\effect_tool\effect_tool\debug\scene3d.obj
c:\users\student\desktop\プログラム\ツール\effect_tool\effect_tool\debug\seteffect.obj
c:\users\student\desktop\プログラム\ツール\effect_tool\effect_tool\debug\seteffect3d.obj
c:\users\student\desktop\プログラム\ツール\effect_tool\effect_tool\debug\setmesh.obj
c:\users\student\desktop\プログラム\ツール\effect_tool\effect_tool\debug\sky.obj
c:\users\student\desktop\プログラム\ツール\effect_tool\effect_tool\debug\straight3d.obj
c:\users\student\desktop\プログラム\ツール\effect_tool\effect_tool\debug\mousetracking.obj
c:\users\student\desktop\プログラム\ツール\effect_tool\effect_tool\debug\trajectory.obj
c:\users\student\desktop\プログラム\ツール\effect_tool\effect_tool\debug\2dscene.obj
c:\users\student\desktop\プログラム\ツール\effect_tool\effect_tool\debug\3dscene.obj
c:\users\student\desktop\プログラム\ツール\effect_tool\effect_tool\debug\billeffect.obj
c:\users\student\desktop\プログラム\ツール\effect_tool\effect_tool\debug\camera.obj
c:\users\student\desktop\プログラム\ツール\effect_tool\effect_tool\debug\control.obj
c:\users\student\desktop\プログラム\ツール\effect_tool\effect_tool\debug\effect.obj
c:\users\student\desktop\プログラム\ツール\effect_tool\effect_tool\debug\fade.obj
c:\users\student\desktop\プログラム\ツール\effect_tool\effect_tool\debug\field.obj
c:\users\student\desktop\プログラム\ツール\effect_tool\effect_tool\debug\input.obj
c:\users\student\desktop\プログラム\ツール\effect_tool\effect_tool\debug\keyboard.obj
c:\users\student\desktop\プログラム\ツール\effect_tool\effect_tool\debug\lasereffect.obj
c:\users\student\desktop\プログラム\ツール\effect_tool\effect_tool\debug\light.obj
c:\users\student\desktop\プログラム\ツール\effect_tool\effect_tool\debug\load.obj
c:\users\student\desktop\プログラム\ツール\effect_tool\debug\effect_tool.ilk
c:\users\student\desktop\プログラム\ツール\effect_tool\debug\effect_tool.exe
c:\users\student\desktop\プログラム\ツール\effect_tool\debug\effect_tool.pdb
c:\users\student\desktop\プログラム\ツール\effect_tool\effect_tool\debug\effect_tool.tlog\cl.command.1.tlog
c:\users\student\desktop\プログラム\ツール\effect_tool\effect_tool\debug\effect_tool.tlog\cl.read.1.tlog
c:\users\student\desktop\プログラム\ツール\effect_tool\effect_tool\debug\effect_tool.tlog\cl.write.1.tlog
c:\users\student\desktop\プログラム\ツール\effect_tool\effect_tool\debug\effect_tool.tlog\link.command.1.tlog
c:\users\student\desktop\プログラム\ツール\effect_tool\effect_tool\debug\effect_tool.tlog\link.read.1.tlog
c:\users\student\desktop\プログラム\ツール\effect_tool\effect_tool\debug\effect_tool.tlog\link.write.1.tlog
